# JRE version: Java(TM) SE Runtime Environment (8.0_201-b09) (build 1.8.0_201-b09)
# Java VM: Java HotSpot(TM) 64-Bit Server VM (25.201-b09 mixed mode windows-amd64 compressed oops)
Heap:
 PSYoungGen      total 203264K, used 96975K [0x0000000783000000, 0x0000000798580000, 0x00000007c0000000)
  eden space 188416K, 43% used [0x0000000783000000,0x0000000788036e98,0x000000078e800000)
  from space 14848K, 99% used [0x000000078e800000,0x000000078f67cf60,0x000000078f680000)
  to   space 29696K, 0% used [0x0000000796880000,0x0000000796880000,0x0000000798580000)
 ParOldGen       total 95744K, used 46854K [0x0000000709000000, 0x000000070ed80000, 0x0000000783000000)
  object space 95744K, 48% used [0x0000000709000000,0x000000070bdc1908,0x000000070ed80000)
 Metaspace       used 24530K, capacity 25060K, committed 25216K, reserved 1071104K
  class space    used 2772K, capacity 2918K, committed 2944K, reserved 1048576K
GC Heap History (10 events):
Event: 4.348 GC heap before
{Heap before GC invocations=4 (full 0):
 PSYoungGen      total 54784K, used 54752K [0x0000000783000000, 0x0000000789b00000, 0x00000007c0000000)
  eden space 47104K, 100% used [0x0000000783000000,0x0000000785e00000,0x0000000785e00000)
  from space 7680K, 99% used [0x0000000785e00000,0x0000000786578040,0x0000000786580000)
  to   space 7680K, 0% used [0x0000000789380000,0x0000000789380000,0x0000000789b00000)
 ParOldGen       total 125952K, used 6899K [0x0000000709000000, 0x0000000710b00000, 0x0000000783000000)
  object space 125952K, 5% used [0x0000000709000000,0x00000007096bcc88,0x0000000710b00000)
 Metaspace       used 15832K, capacity 16108K, committed 16384K, reserved 1062912K
  class space    used 1877K, capacity 1978K, committed 2048K, reserved 1048576K
Event: 4.366 GC heap after
Heap after GC invocations=4 (full 0):
 PSYoungGen      total 101888K, used 7664K [0x0000000783000000, 0x0000000789b00000, 0x00000007c0000000)
  eden space 94208K, 0% used [0x0000000783000000,0x0000000783000000,0x0000000788c00000)
  from space 7680K, 99% used [0x0000000789380000,0x0000000789afc030,0x0000000789b00000)
  to   space 7680K, 0% used [0x0000000788c00000,0x0000000788c00000,0x0000000789380000)
 ParOldGen       total 125952K, used 10491K [0x0000000709000000, 0x0000000710b00000, 0x0000000783000000)
  object space 125952K, 8% used [0x0000000709000000,0x0000000709a3ec88,0x0000000710b00000)
 Metaspace       used 15832K, capacity 16108K, committed 16384K, reserved 1062912K
  class space    used 1877K, capacity 1978K, committed 2048K, reserved 1048576K
}
Event: 6.274 GC heap before
{Heap before GC invocations=5 (full 0):
 PSYoungGen      total 101888K, used 101872K [0x0000000783000000, 0x0000000789b00000, 0x00000007c0000000)
  eden space 94208K, 100% used [0x0000000783000000,0x0000000788c00000,0x0000000788c00000)
  from space 7680K, 99% used [0x0000000789380000,0x0000000789afc030,0x0000000789b00000)
  to   space 7680K, 0% used [0x0000000788c00000,0x0000000788c00000,0x0000000789380000)
 ParOldGen       total 125952K, used 10491K [0x0000000709000000, 0x0000000710b00000, 0x0000000783000000)
  object space 125952K, 8% used [0x0000000709000000,0x0000000709a3ec88,0x0000000710b00000)
 Metaspace       used 17304K, capacity 17716K, committed 17792K, reserved 1064960K
  class space    used 2015K, capacity 2126K, committed 2176K, reserved 1048576K
Event: 6.307 GC heap after
Heap after GC invocations=5 (full 0):
 PSYoungGen      total 101888K, used 7664K [0x0000000783000000, 0x0000000790600000, 0x00000007c0000000)
  eden space 94208K, 0% used [0x0000000783000000,0x0000000783000000,0x0000000788c00000)
  from space 7680K, 99% used [0x0000000788c00000,0x000000078937c030,0x0000000789380000)
  to   space 15360K, 0% used [0x000000078f700000,0x000000078f700000,0x0000000790600000)
 ParOldGen       total 125952K, used 15972K [0x0000000709000000, 0x0000000710b00000, 0x0000000783000000)
  object space 125952K, 12% used [0x0000000709000000,0x0000000709f99008,0x0000000710b00000)
 Metaspace       used 17304K, capacity 17716K, committed 17792K, reserved 1064960K
  class space    used 2015K, capacity 2126K, committed 2176K, reserved 1048576K
}
Event: 6.770 GC heap before
{Heap before GC invocations=6 (full 0):
 PSYoungGen      total 101888K, used 30214K [0x0000000783000000, 0x0000000790600000, 0x00000007c0000000)
  eden space 94208K, 23% used [0x0000000783000000,0x0000000784605890,0x0000000788c00000)
  from space 7680K, 99% used [0x0000000788c00000,0x000000078937c030,0x0000000789380000)
  to   space 15360K, 0% used [0x000000078f700000,0x000000078f700000,0x0000000790600000)
 ParOldGen       total 125952K, used 15972K [0x0000000709000000, 0x0000000710b00000, 0x0000000783000000)
  object space 125952K, 12% used [0x0000000709000000,0x0000000709f99008,0x0000000710b00000)
 Metaspace       used 20751K, capacity 21176K, committed 21296K, reserved 1069056K
  class space    used 2488K, capacity 2622K, committed 2688K, reserved 1048576K
Event: 6.793 GC heap after
Heap after GC invocations=6 (full 0):
 PSYoungGen      total 202752K, used 9459K [0x0000000783000000, 0x0000000790500000, 0x00000007c0000000)
  eden space 188416K, 0% used [0x0000000783000000,0x0000000783000000,0x000000078e800000)
  from space 14336K, 65% used [0x000000078f700000,0x000000079003ce60,0x0000000790500000)
  to   space 14848K, 0% used [0x000000078e800000,0x000000078e800000,0x000000078f680000)
 ParOldGen       total 125952K, used 15980K [0x0000000709000000, 0x0000000710b00000, 0x0000000783000000)
  object space 125952K, 12% used [0x0000000709000000,0x0000000709f9b008,0x0000000710b00000)
 Metaspace       used 20751K, capacity 21176K, committed 21296K, reserved 1069056K
  class space    used 2488K, capacity 2622K, committed 2688K, reserved 1048576K
}
Event: 6.793 GC heap before
{Heap before GC invocations=7 (full 1):
 PSYoungGen      total 202752K, used 9459K [0x0000000783000000, 0x0000000790500000, 0x00000007c0000000)
  eden space 188416K, 0% used [0x0000000783000000,0x0000000783000000,0x000000078e800000)
  from space 14336K, 65% used [0x000000078f700000,0x000000079003ce60,0x0000000790500000)
  to   space 14848K, 0% used [0x000000078e800000,0x000000078e800000,0x000000078f680000)
 ParOldGen       total 125952K, used 15980K [0x0000000709000000, 0x0000000710b00000, 0x0000000783000000)
  object space 125952K, 12% used [0x0000000709000000,0x0000000709f9b008,0x0000000710b00000)
 Metaspace       used 20751K, capacity 21176K, committed 21296K, reserved 1069056K
  class space    used 2488K, capacity 2622K, committed 2688K, reserved 1048576K
Event: 6.922 GC heap after
Heap after GC invocations=7 (full 1):
 PSYoungGen      total 202752K, used 0K [0x0000000783000000, 0x0000000790500000, 0x00000007c0000000)
  eden space 188416K, 0% used [0x0000000783000000,0x0000000783000000,0x000000078e800000)
  from space 14336K, 0% used [0x000000078f700000,0x000000078f700000,0x0000000790500000)
  to   space 14848K, 0% used [0x000000078e800000,0x000000078e800000,0x000000078f680000)
 ParOldGen       total 95744K, used 20362K [0x0000000709000000, 0x000000070ed80000, 0x0000000783000000)
  object space 95744K, 21% used [0x0000000709000000,0x000000070a3e2898,0x000000070ed80000)
 Metaspace       used 20751K, capacity 21176K, committed 21296K, reserved 1069056K
  class space    used 2488K, capacity 2622K, committed 2688K, reserved 1048576K
}
Event: 9.113 GC heap before
{Heap before GC invocations=8 (full 1):
 PSYoungGen      total 202752K, used 188416K [0x0000000783000000, 0x0000000790500000, 0x00000007c0000000)
  eden space 188416K, 100% used [0x0000000783000000,0x000000078e800000,0x000000078e800000)
  from space 14336K, 0% used [0x000000078f700000,0x000000078f700000,0x0000000790500000)
  to   space 14848K, 0% used [0x000000078e800000,0x000000078e800000,0x000000078f680000)
 ParOldGen       total 95744K, used 20362K [0x0000000709000000, 0x000000070ed80000, 0x0000000783000000)
  object space 95744K, 21% used [0x0000000709000000,0x000000070a3e2898,0x000000070ed80000)
 Metaspace       used 23424K, capacity 23972K, committed 24192K, reserved 1071104K
  class space    used 2687K, capacity 2854K, committed 2944K, reserved 1048576K
Event: 9.155 GC heap after
Heap after GC invocations=8 (full 1):
 PSYoungGen      total 203264K, used 14835K [0x0000000783000000, 0x0000000798580000, 0x00000007c0000000)
  eden space 188416K, 0% used [0x0000000783000000,0x0000000783000000,0x000000078e800000)
  from space 14848K, 99% used [0x000000078e800000,0x000000078f67cf60,0x000000078f680000)
  to   space 29696K, 0% used [0x0000000796880000,0x0000000796880000,0x0000000798580000)
 ParOldGen       total 95744K, used 46854K [0x0000000709000000, 0x000000070ed80000, 0x0000000783000000)
  object space 95744K, 48% used [0x0000000709000000,0x000000070bdc1908,0x000000070ed80000)
 Metaspace       used 23424K, capacity 23972K, committed 24192K, reserved 1071104K
  class space    used 2687K, capacity 2854K, committed 2944K, reserved 1048576K
}

